<?xml version="1.0" encoding="UTF-8"?>
<TestRun id="74eff5e0-450d-44e0-86aa-fb1ebc27e42f" name="Administrator@MICROSO-SQSDQJ1 2017-03-23 15:18:58" runUser="MICROSO-SQSDQJ1\Administrator" xmlns="http://microsoft.com/schemas/VisualStudio/TeamTest/2010">
  <TestSettings name="本地" id="894184b6-faa8-40be-a3fa-720085c5e9bb">
    <Description>这些设置为本地测试运行的默认测试设置。</Description>
    <Deployment runDeploymentRoot="Administrator_MICROSO-SQSDQJ1 2017-03-23 15_18_58">
      <DeploymentItem filename="D:\Code\Net\bnuxq\bnuxq\bnuxq.Common\bin\Debug\bnuxq.Common.dll" />
      <DeploymentItem filename="D:\Code\Net\bnuxq\bnuxq\bnuxq.Model\bin\Debug\bnuxq.Model.dll" />
    </Deployment>
    <Execution>
      <TestTypeSpecific />
      <AgentRule name="Execution Agents">
      </AgentRule>
    </Execution>
    <Properties>
      <Property name="TestSettingsUIType" value="LoadTest" />
    </Properties>
  </TestSettings>
  <Times creation="2017-03-23T15:18:58.4914453+08:00" queuing="2017-03-23T15:19:00.0848714+08:00" start="2017-03-23T15:19:00.4428409+08:00" finish="2017-03-23T15:19:14.5192593+08:00" />
  <ResultSummary outcome="Completed">
    <Counters total="1" executed="1" passed="1" error="0" failed="0" timeout="0" aborted="0" inconclusive="0" passedButRunAborted="0" notRunnable="0" notExecuted="0" disconnected="0" warning="0" completed="0" inProgress="0" pending="0" />
  </ResultSummary>
  <TestDefinitions>
    <WebTest name="WebTest1" storage="d:\code\net\bnuxq\bnuxq\bnuxq.webandloadtestproject\webtest1.webtest" id="bbc8f572-5139-4cb1-9734-2b29c33829bc" persistedWebTest="77u/PD94bWwgdmVyc2lvbj0iMS4wIiBlbmNvZGluZz0iVVRGLTgiIHN0YW5kYWxvbmU9InllcyI/Pg0KPFdlYlRlc3QgTmFtZT0iV2ViVGVzdDEiIElkPSJiYmM4ZjU3Mi01MTM5LTRjYjEtOTczNC0yYjI5YzMzODI5YmMiIE93bmVyPSIiIFByaW9yaXR5PSIyMTQ3NDgzNjQ3IiBFbmFibGVkPSJUcnVlIiBDc3NQcm9qZWN0U3RydWN0dXJlPSIiIENzc0l0ZXJhdGlvbj0iIiBUaW1lb3V0PSIwIiBXb3JrSXRlbUlkcz0iIiB4bWxucz0iaHR0cDovL21pY3Jvc29mdC5jb20vc2NoZW1hcy9WaXN1YWxTdHVkaW8vVGVhbVRlc3QvMjAxMCIgRGVzY3JpcHRpb249IiIgQ3JlZGVudGlhbFVzZXJOYW1lPSIiIENyZWRlbnRpYWxQYXNzd29yZD0iIiBQcmVBdXRoZW50aWNhdGU9IlRydWUiIFByb3h5PSJkZWZhdWx0IiBTdG9wT25FcnJvcj0iRmFsc2UiIFJlY29yZGVkUmVzdWx0RmlsZT0iIiBSZXN1bHRzTG9jYWxlPSIiPg0KICA8SXRlbXM+DQogICAgPFJlcXVlc3QgTWV0aG9kPSJQT1NUIiBHdWlkPSI5YWFlZjZlNC1jYzkyLTQzYzUtODI1Ni0yMDExYThhODczZDUiIFZlcnNpb249IjEuMSIgVXJsPSJodHRwOi8vb3Blbi5ibnV4cS5jb20vYXBpL0V2YWx1YXRpb25SZXN1bHQiIFRoaW5rVGltZT0iMCIgVGltZW91dD0iMzAwIiBQYXJzZURlcGVuZGVudFJlcXVlc3RzPSJUcnVlIiBGb2xsb3dSZWRpcmVjdHM9IlRydWUiIFJlY29yZFJlc3VsdD0iVHJ1ZSIgQ2FjaGU9IkZhbHNlIiBSZXNwb25zZVRpbWVHb2FsPSIwIiBFbmNvZGluZz0idXRmLTgiIEV4cGVjdGVkSHR0cFN0YXR1c0NvZGU9IjAiIEV4cGVjdGVkUmVzcG9uc2VVcmw9IiIgUmVwb3J0aW5nTmFtZT0i5L+d5a2Y5rWL6K+E57uT5p6cIiBJZ25vcmVIdHRwU3RhdHVzQ29kZT0iRmFsc2UiPg0KICAgICAgPFN0cmluZ0h0dHBCb2R5IENvbnRlbnRUeXBlPSIiIEluc2VydEJ5dGVPcmRlck1hcms9IkZhbHNlIj4NCiAgICAgIDwvU3RyaW5nSHR0cEJvZHk+DQogICAgPC9SZXF1ZXN0Pg0KICA8L0l0ZW1zPg0KICA8VmFsaWRhdGlvblJ1bGVzPg0KICAgIDxWYWxpZGF0aW9uUnVsZSBDbGFzc25hbWU9Ik1pY3Jvc29mdC5WaXN1YWxTdHVkaW8uVGVzdFRvb2xzLldlYlRlc3RpbmcuUnVsZXMuVmFsaWRhdGVSZXNwb25zZVVybCwgTWljcm9zb2Z0LlZpc3VhbFN0dWRpby5RdWFsaXR5VG9vbHMuV2ViVGVzdEZyYW1ld29yaywgVmVyc2lvbj0xMC4wLjAuMCwgQ3VsdHVyZT1uZXV0cmFsLCBQdWJsaWNLZXlUb2tlbj1iMDNmNWY3ZjExZDUwYTNhIiBEaXNwbGF5TmFtZT0i5ZON5bqUIFVSTCIgRGVzY3JpcHRpb249IumqjOivgeWcqOaJp+ihjOmHjeWumuWQkeS5i+WQjuWTjeW6lCBVUkwg5piv5ZCm5LiO5omA6K6w5b2V55qE5ZON5bqUIFVSTCDnm7jlkIzjgIIgIFF1ZXJ5U3RyaW5nIOWPguaVsOWwhuiiq+W/veeVpeOAgiIgTGV2ZWw9IkxvdyIgRXhlY3R1aW9uT3JkZXI9IkJlZm9yZURlcGVuZGVudHMiIC8+DQogICAgPFZhbGlkYXRpb25SdWxlIENsYXNzbmFtZT0iTWljcm9zb2Z0LlZpc3VhbFN0dWRpby5UZXN0VG9vbHMuV2ViVGVzdGluZy5SdWxlcy5WYWxpZGF0aW9uUnVsZVJlc3BvbnNlVGltZUdvYWwsIE1pY3Jvc29mdC5WaXN1YWxTdHVkaW8uUXVhbGl0eVRvb2xzLldlYlRlc3RGcmFtZXdvcmssIFZlcnNpb249MTAuMC4wLjAsIEN1bHR1cmU9bmV1dHJhbCwgUHVibGljS2V5VG9rZW49YjAzZjVmN2YxMWQ1MGEzYSIgRGlzcGxheU5hbWU9IuWTjeW6lOaXtumXtOebruaghyIgRGVzY3JpcHRpb249IuehruiupOivt+axgueahOWTjeW6lOaXtumXtOWwj+S6juaIluetieS6juWvueivt+axguaMh+WumueahOWTjeW6lOaXtumXtOebruagh+OAgiAg5bCG5b+955Wl5ZON5bqU5pe26Ze055uu5qCH6Zu244CCIiBMZXZlbD0iTG93IiBFeGVjdHVpb25PcmRlcj0iQWZ0ZXJEZXBlbmRlbnRzIj4NCiAgICAgIDxSdWxlUGFyYW1ldGVycz4NCiAgICAgICAgPFJ1bGVQYXJhbWV0ZXIgTmFtZT0iVG9sZXJhbmNlIiBWYWx1ZT0iMCIgLz4NCiAgICAgIDwvUnVsZVBhcmFtZXRlcnM+DQogICAgPC9WYWxpZGF0aW9uUnVsZT4NCiAgPC9WYWxpZGF0aW9uUnVsZXM+DQo8L1dlYlRlc3Q+">
      <Execution id="57c66b3e-ba18-4b6c-a0c5-ec880d6487db" />
    </WebTest>
  </TestDefinitions>
  <TestLists>
    <TestList name="列表中未列出的结果" id="8c84fa94-04c1-424b-9868-57a2d4851a1d" />
    <TestList name="所有已加载的结果" id="19431567-8539-422a-85d7-44ee4e166bda" />
  </TestLists>
  <TestEntries>
    <TestEntry isTransparent="false" testId="bbc8f572-5139-4cb1-9734-2b29c33829bc" executionId="57c66b3e-ba18-4b6c-a0c5-ec880d6487db" testListId="8c84fa94-04c1-424b-9868-57a2d4851a1d" />
  </TestEntries>
  <Results>
    <WebTestResult executionId="57c66b3e-ba18-4b6c-a0c5-ec880d6487db" testId="bbc8f572-5139-4cb1-9734-2b29c33829bc" testName="WebTest1" computerName="MICROSO-SQSDQJ1" duration="00:00:03.2474949" startTime="2017-03-23T15:19:00.5278969+08:00" endTime="2017-03-23T15:19:14.4472123+08:00" testType="4e7599fa-5ecb-43e9-a887-cd63cf72d207" outcome="Passed" testListId="8c84fa94-04c1-424b-9868-57a2d4851a1d" relativeResultsDirectory="57c66b3e-ba18-4b6c-a0c5-ec880d6487db">
      <ResultFiles>
        <ResultFile path="WebTest1.webtestResult" />
      </ResultFiles>
      <TestSettings name="本地" id="894184b6-faa8-40be-a3fa-720085c5e9bb">
        <Description>这些设置为本地测试运行的默认测试设置。</Description>
        <Deployment runDeploymentRoot="Administrator_MICROSO-SQSDQJ1 2017-03-23 15_18_58">
          <DeploymentItem filename="D:\Code\Net\bnuxq\bnuxq\bnuxq.Common\bin\Debug\bnuxq.Common.dll" />
          <DeploymentItem filename="D:\Code\Net\bnuxq\bnuxq\bnuxq.Model\bin\Debug\bnuxq.Model.dll" />
        </Deployment>
        <Execution>
          <TestTypeSpecific>
            <WebTestRunConfiguration testTypeId="4e7599fa-5ecb-43e9-a887-cd63cf72d207">
              <Browser name="Internet Explorer 9.0" MaxConnections="6">
                <Headers>
                  <Header name="User-Agent" value="Mozilla/5.0 (compatible; MSIE 9.0; Windows NT 6.1; Trident/5.0)" />
                  <Header name="Accept" value="*/*" />
                  <Header name="Accept-Language" value="{{$IEAcceptLanguage}}" />
                  <Header name="Accept-Encoding" value="GZIP" />
                </Headers>
              </Browser>
            </WebTestRunConfiguration>
          </TestTypeSpecific>
          <AgentRule name="Execution Agents">
          </AgentRule>
        </Execution>
        <Properties>
          <Property name="TestSettingsUIType" value="LoadTest" />
        </Properties>
      </TestSettings>
      <WebTestResultFilePath>Administrator_MICROSO-SQSDQJ1 2017-03-23 15_18_58\In\57c66b3e-ba18-4b6c-a0c5-ec880d6487db\WebTest1.webtestResult</WebTestResultFilePath>
    </WebTestResult>
  </Results>
</TestRun>